<?xml version="1.0" encoding="UTF-8" standalone="yes"?>
<testsuites time="91.31" tests="1" failures="0" errors="0">
    <testsuite name="GraphWalker" tests="1" failures="0" errors="0" time="91.31" timestamp="2020-12-02T13:21:49">
        <properties>
            <property name="classworlds.conf" value="C:\Program Files\apache-maven-3.6.3\bin\..\bin\m2.conf"/>
            <property name="env.=::" value="::\"/>
            <property name="env.=C:" value="C:\Users\ugurh\Downloads\mbt"/>
            <property name="env.=EXITCODE" value="00000001"/>
            <property name="env.ALLUSERSPROFILE" value="C:\ProgramData"/>
            <property name="env.ANDROID_HOME" value="C:\Users\ugurh\AppData\Local\Android\Sdk\platform-tools"/>
            <property name="env.APPDATA" value="C:\Users\ugurh\AppData\Roaming"/>
            <property name="env.CLASSWORLDS_JAR" value="&quot;C:\Program Files\apache-maven-3.6.3\bin\..\boot\plexus-classworlds-2.6.0.jar&quot;"/>
            <property name="env.CLASSWORLDS_LAUNCHER" value="org.codehaus.plexus.classworlds.launcher.Launcher"/>
            <property name="env.COMMONPROGRAMFILES" value="C:\Program Files\Common Files"/>
            <property name="env.COMMONPROGRAMFILES(X86)" value="C:\Program Files (x86)\Common Files"/>
            <property name="env.COMMONPROGRAMW6432" value="C:\Program Files\Common Files"/>
            <property name="env.COMPUTERNAME" value="DESKTOP-PJLH3AB"/>
            <property name="env.COMSPEC" value="C:\WINDOWS\system32\cmd.exe"/>
            <property name="env.DRIVERDATA" value="C:\Windows\System32\Drivers\DriverData"/>
            <property name="env.ERROR_CODE" value="0"/>
            <property name="env.EXEC_DIR" value="C:\Users\ugurh\Downloads\mbt"/>
            <property name="env.HOMEDRIVE" value="C:"/>
            <property name="env.HOMEPATH" value="\Users\ugurh"/>
            <property name="env.IDEA_INITIAL_DIRECTORY" value="C:\Program Files\JetBrains\IntelliJ IDEA 2020.2.3\bin"/>
            <property name="env.JAVACMD" value="C:\Program Files\Java\jdk-14.0.1\bin\java.exe"/>
            <property name="env.JAVA_HOME" value="C:\Program Files\Java\jdk-14.0.1"/>
            <property name="env.JAVA_JOME" value="C:\Program Files\Java\jdk-14.0.1\bin"/>
            <property name="env.JVMCONFIG" value="\.mvn\jvm.config"/>
            <property name="env.LOCALAPPDATA" value="C:\Users\ugurh\AppData\Local"/>
            <property name="env.LOGONSERVER" value="\\DESKTOP-PJLH3AB"/>
            <property name="env.M2_HOME" value="C:\Program Files\apache-maven-3.6.3"/>
            <property name="env.MAVEN_CMD_LINE_ARGS" value="graphwalker:test"/>
            <property name="env.MAVEN_HOME" value="C:\Program Files\apache-maven-3.6.3\bin\.."/>
            <property name="env.MAVEN_PROJECTBASEDIR" value="C:\Users\ugurh\Downloads\mbt"/>
            <property name="env.NUMBER_OF_PROCESSORS" value="8"/>
            <property name="env.ONEDRIVE" value="C:\Users\ugurh\OneDrive"/>
            <property name="env.ONEDRIVECONSUMER" value="C:\Users\ugurh\OneDrive"/>
            <property name="env.OS" value="Windows_NT"/>
            <property name="env.PATH" value="C:\Program Files\Java\jdk-14.0.1\bin;C:\ProgramData\Oracle\Java\javapath;C:\WINDOWS\system32;C:\WINDOWS;C:\WINDOWS\System32\Wbem;C:\WINDOWS\System32\WindowsPowerShell\v1.0\;C:\Program Files\nodejs\;C:\Program Files (x86)\Bitvise SSH Client;C:\WINDOWS\System32\OpenSSH\;C:\Program Files\apache-maven-3.6.3\bin;C:\Users\ugurh\AppData\Local\Android\Sdk\platform-tools;C:\Users\ugurh\AppData\Local\Programs\Python\Python38\Scripts\;C:\Users\ugurh\AppData\Local\Programs\Python\Python38\;C:\Users\ugurh\AppData\Local\Microsoft\WindowsApps;C:\Hugo\bin;C:\Users\ugurh\AppData\Local\.meteor\;C:\Program Files\JetBrains\PyCharm Community Edition 2019.3.3\bin;C:\Users\ugurh\AppData\Roaming\npm;C:\Users\ugurh\AppData\Local\Microsoft\WindowsApps;C:\Users\ugurh\AppData\Local\Android\Sdk\platform-tools;"/>
            <property name="env.PATHEXT" value=".COM;.EXE;.BAT;.CMD;.VBS;.VBE;.JS;.JSE;.WSF;.WSH;.MSC"/>
            <property name="env.PROCESSOR_ARCHITECTURE" value="AMD64"/>
            <property name="env.PROCESSOR_IDENTIFIER" value="Intel64 Family 6 Model 60 Stepping 3, GenuineIntel"/>
            <property name="env.PROCESSOR_LEVEL" value="6"/>
            <property name="env.PROCESSOR_REVISION" value="3c03"/>
            <property name="env.PROGRAMDATA" value="C:\ProgramData"/>
            <property name="env.PROGRAMFILES" value="C:\Program Files"/>
            <property name="env.PROGRAMFILES(X86)" value="C:\Program Files (x86)"/>
            <property name="env.PROGRAMW6432" value="C:\Program Files"/>
            <property name="env.PROMPT" value="$P$G"/>
            <property name="env.PSMODULEPATH" value="C:\Program Files\WindowsPowerShell\Modules;C:\WINDOWS\system32\WindowsPowerShell\v1.0\Modules"/>
            <property name="env.PUBLIC" value="C:\Users\Public"/>
            <property name="env.PYCHARM COMMUNITY EDITION" value="C:\Program Files\JetBrains\PyCharm Community Edition 2019.3.3\bin;"/>
            <property name="env.SESSIONNAME" value="Console"/>
            <property name="env.SYSTEMDRIVE" value="C:"/>
            <property name="env.SYSTEMROOT" value="C:\WINDOWS"/>
            <property name="env.TEMP" value="C:\Users\ugurh\AppData\Local\Temp"/>
            <property name="env.TERMINAL_EMULATOR" value="JetBrains-JediTerm"/>
            <property name="env.TMP" value="C:\Users\ugurh\AppData\Local\Temp"/>
            <property name="env.USERDOMAIN" value="DESKTOP-PJLH3AB"/>
            <property name="env.USERDOMAIN_ROAMINGPROFILE" value="DESKTOP-PJLH3AB"/>
            <property name="env.USERNAME" value="ugurh"/>
            <property name="env.USERPROFILE" value="C:\Users\ugurh"/>
            <property name="env.VBOX_MSI_INSTALL_PATH" value="C:\Program Files\Oracle\VirtualBox\"/>
            <property name="env.WDIR" value="C:\"/>
            <property name="env.WINDIR" value="C:\WINDOWS"/>
            <property name="env.__INTELLIJ_COMMAND_HISTFILE__" value="C:\Users\ugurh\AppData\Roaming\JetBrains\IntelliJIdea2020.2\terminal\history\history-5"/>
            <property name="file.encoding" value="Cp1254"/>
            <property name="file.separator" value="\"/>
            <property name="java.class.path" value="C:\Program Files\apache-maven-3.6.3\bin\..\boot\plexus-classworlds-2.6.0.jar"/>
            <property name="java.class.version" value="58.0"/>
            <property name="java.home" value="C:\Program Files\Java\jdk-14.0.1"/>
            <property name="java.io.tmpdir" value="C:\Users\ugurh\AppData\Local\Temp\"/>
            <property name="java.library.path" value="C:\Program Files\Java\jdk-14.0.1\bin;C:\WINDOWS\Sun\Java\bin;C:\WINDOWS\system32;C:\WINDOWS;C:\Program Files\Java\jdk-14.0.1\bin;C:\ProgramData\Oracle\Java\javapath;C:\WINDOWS\system32;C:\WINDOWS;C:\WINDOWS\System32\Wbem;C:\WINDOWS\System32\WindowsPowerShell\v1.0\;C:\Program Files\nodejs\;C:\Program Files (x86)\Bitvise SSH Client;C:\WINDOWS\System32\OpenSSH\;C:\Program Files\apache-maven-3.6.3\bin;C:\Users\ugurh\AppData\Local\Android\Sdk\platform-tools;C:\Users\ugurh\AppData\Local\Programs\Python\Python38\Scripts\;C:\Users\ugurh\AppData\Local\Programs\Python\Python38\;C:\Users\ugurh\AppData\Local\Microsoft\WindowsApps;C:\Hugo\bin;C:\Users\ugurh\AppData\Local\.meteor\;C:\Program Files\JetBrains\PyCharm Community Edition 2019.3.3\bin;C:\Users\ugurh\AppData\Roaming\npm;C:\Users\ugurh\AppData\Local\Microsoft\WindowsApps;C:\Users\ugurh\AppData\Local\Android\Sdk\platform-tools;;."/>
            <property name="java.runtime.name" value="Java(TM) SE Runtime Environment"/>
            <property name="java.runtime.version" value="14.0.1+7"/>
            <property name="java.specification.name" value="Java Platform API Specification"/>
            <property name="java.specification.vendor" value="Oracle Corporation"/>
            <property name="java.specification.version" value="14"/>
            <property name="java.vendor" value="Oracle Corporation"/>
            <property name="java.vendor.url" value="https://java.oracle.com/"/>
            <property name="java.vendor.url.bug" value="https://bugreport.java.com/bugreport/"/>
            <property name="java.version" value="14.0.1"/>
            <property name="java.version.date" value="2020-04-14"/>
            <property name="java.vm.compressedOopsMode" value="Zero based"/>
            <property name="java.vm.info" value="mixed mode, sharing"/>
            <property name="java.vm.name" value="Java HotSpot(TM) 64-Bit Server VM"/>
            <property name="java.vm.specification.name" value="Java Virtual Machine Specification"/>
            <property name="java.vm.specification.vendor" value="Oracle Corporation"/>
            <property name="java.vm.specification.version" value="14"/>
            <property name="java.vm.vendor" value="Oracle Corporation"/>
            <property name="java.vm.version" value="14.0.1+7"/>
            <property name="jdk.debug" value="release"/>
            <property name="library.jansi.path" value="C:\Program Files\apache-maven-3.6.3\bin\..\lib\jansi-native"/>
            <property name="line.separator" value="&#13;&#10;"/>
            <property name="maven.build.version" value="Apache Maven 3.6.3 (cecedd343002696d0abb50b32b541b8a6ba2883f)"/>
            <property name="maven.conf" value="C:\Program Files\apache-maven-3.6.3\bin\../conf"/>
            <property name="maven.home" value="C:\Program Files\apache-maven-3.6.3\bin\.."/>
            <property name="maven.multiModuleProjectDirectory" value="C:\Users\ugurh\Downloads\mbt"/>
            <property name="maven.version" value="3.6.3"/>
            <property name="os.arch" value="amd64"/>
            <property name="os.name" value="Windows 10"/>
            <property name="os.version" value="10.0"/>
            <property name="path.separator" value=";"/>
            <property name="sun.arch.data.model" value="64"/>
            <property name="sun.boot.library.path" value="C:\Program Files\Java\jdk-14.0.1\bin"/>
            <property name="sun.cpu.endian" value="little"/>
            <property name="sun.cpu.isalist" value="amd64"/>
            <property name="sun.io.unicode.encoding" value="UnicodeLittle"/>
            <property name="sun.java.command" value="org.codehaus.plexus.classworlds.launcher.Launcher graphwalker:test"/>
            <property name="sun.java.launcher" value="SUN_STANDARD"/>
            <property name="sun.jnu.encoding" value="Cp1254"/>
            <property name="sun.management.compiler" value="HotSpot 64-Bit Tiered Compilers"/>
            <property name="sun.os.patch.level" value=""/>
            <property name="sun.stderr.encoding" value="cp857"/>
            <property name="sun.stdout.encoding" value="cp857"/>
            <property name="user.country" value="US"/>
            <property name="user.country.format" value="TR"/>
            <property name="user.dir" value="C:\Users\ugurh\Downloads\mbt"/>
            <property name="user.home" value="C:\Users\ugurh"/>
            <property name="user.language" value="en"/>
            <property name="user.language.format" value="tr"/>
            <property name="user.name" value="ugurh"/>
            <property name="user.script" value=""/>
            <property name="user.variant" value=""/>
        </properties>
        <testcase name="automation" time="91.31" classname="automation"/>
    </testsuite>
</testsuites>
